<?xml version="1.0" encoding="UTF-8"?>
<testsuite name="TestSuite" time="58.673" tests="6" errors="0" skipped="0" failures="0">
  <properties>
[...]
</properties>
  <testcase name="CreateNewTodoItemValidationTest" classname="com.automation.todo.positive.CreateNewTodoItemValidation" time="4.596"/>
  <testcase name="MarkAsCompleteValidationTest" classname="com.automation.todo.positive.MarkAsCompleteValidation" time="27.375"/>
  <testcase name="EditTaskValidationTest" classname="com.automation.todo.positive.EditTaskValidation" time="4.906"/>
  <testcase name="ClearMultipleTasksValidationTest" classname="com.automation.todo.positive.ClearMultipleTasksValidation" time="17.623"/>
  <testcase name="ValidateInputBoundaryNegativeCaseTest" classname="com.automation.todo.negative.ValidateInputBoundaryNegativeCase" time="1.874"/>
  <testcase name="CancelEditValidationTest" classname="com.automation.todo.negative.CancelEditValidation" time="2.299"/>
</testsuite>