<?xml version="1.0" encoding="UTF-8"?>
<testng-results ignored="0" total="1" passed="1" failed="0" skipped="0">
  <reporter-output>
  </reporter-output>
  <suite started-at="2022-06-29T10:10:27 IST" name="Suite" finished-at="2022-06-29T10:10:34 IST" duration-ms="7539">
    <groups>
    </groups>
    <test started-at="2022-06-29T10:10:27 IST" name="Test" finished-at="2022-06-29T10:10:34 IST" duration-ms="7539">
      <class name="com.automation.todo.positive.EditTaskValidation">
        <test-method is-config="true" signature="oneTimeSetup()[pri:0, instance:com.automation.todo.positive.EditTaskValidation@5b07730f]" started-at="2022-06-29T10:10:27 IST" name="oneTimeSetup" finished-at="2022-06-29T10:10:27 IST" duration-ms="14" status="PASS">
          <reporter-output>
          </reporter-output>
        </test-method> <!-- oneTimeSetup -->
        <test-method is-config="true" signature="initDriver(java.lang.String)[pri:0, instance:com.automation.todo.positive.EditTaskValidation@5b07730f]" started-at="2022-06-29T10:10:27 IST" name="initDriver" finished-at="2022-06-29T10:10:30 IST" duration-ms="3000" status="PASS">
          <params>
            <param index="0">
              <value>
                <![CDATA[Chrome]]>
              </value>
            </param>
          </params>
          <reporter-output>
          </reporter-output>
        </test-method> <!-- initDriver -->
        <test-method is-config="true" signature="preTestExecution()[pri:0, instance:com.automation.todo.positive.EditTaskValidation@5b07730f]" started-at="2022-06-29T10:10:30 IST" name="preTestExecution" finished-at="2022-06-29T10:10:30 IST" duration-ms="68" status="PASS">
          <reporter-output>
          </reporter-output>
        </test-method> <!-- preTestExecution -->
        <test-method signature="EditTaskValidationTest()[pri:0, instance:com.automation.todo.positive.EditTaskValidation@5b07730f]" started-at="2022-06-29T10:10:30 IST" name="EditTaskValidationTest" finished-at="2022-06-29T10:10:34 IST" duration-ms="4444" status="PASS">
          <reporter-output>
          </reporter-output>
        </test-method> <!-- EditTaskValidationTest -->
        <test-method is-config="true" signature="cleanUp()[pri:0, instance:com.automation.todo.positive.EditTaskValidation@5b07730f]" started-at="2022-06-29T10:10:34 IST" name="cleanUp" finished-at="2022-06-29T10:10:34 IST" duration-ms="1" status="PASS">
          <reporter-output>
          </reporter-output>
        </test-method> <!-- cleanUp -->
      </class> <!-- com.automation.todo.positive.EditTaskValidation -->
    </test> <!-- Test -->
  </suite> <!-- Suite -->
</testng-results>
