<?xml version="1.0" encoding="UTF-8"?>
<!-- Generated by org.testng.reporters.JUnitXMLReporter -->
<testsuite ignored="0" hostname="W2132941" failures="1" tests="1" name="Test" time="3.966" errors="0" timestamp="2022-06-30T09:06:00 IST">
  <testcase classname="com.automation.todo.negative.HtmlInjectionValidation" name="HtmlInjectionValidationTest" time="1.522">
    <failure type="java.lang.AssertionError" message="Input field allows HTML tags expected [false] but found [true]">
      <![CDATA[java.lang.AssertionError: Input field allows HTML tags expected [false] but found [true]
at com.automation.todo.negative.HtmlInjectionValidation.HtmlInjectionValidationTest(HtmlInjectionValidation.java:58)
at java.base/java.util.ArrayList.forEach(ArrayList.java:1511)
... Removed 32 stack frames]]>
    </failure>
  </testcase> <!-- HtmlInjectionValidationTest -->
</testsuite> <!-- Test -->
